<?xml version="1.0" encoding="UTF-8"?>
<!-- Generated by org.testng.reporters.JUnitReportReporter -->
<testsuite hostname="Amits-iMac" name="Cal_test.CSVRead" tests="1" failures="0" timestamp="18 Jan 2016 19:19:48 GMT" time="4.845" errors="0">
  <testcase name="csvDataRead" time="4.845" classname="Cal_test.CSVRead"/>
</testsuite> <!-- Cal_test.CSVRead -->
